Base path: 'C:/Program Files/Unity/Hub/Editor/2019.4.3f1/Editor/Data', plugins path 'C:/Program Files/Unity/Hub/Editor/2019.4.3f1/Editor/Data/PlaybackEngines'
Cmd: initializeCompiler
Cmd: initializeCompiler
Cmd: preprocessCompute
  insize=12065 outsize=12109 ok=1
Cmd: compileComputeKernel
  api=18 insize=12109 outsize=4734 ok=1
Cmd: compileComputeKernel
  api=18 insize=12109 outsize=7283 ok=1
Cmd: compileComputeKernel
  api=18 insize=12109 outsize=7068 ok=1
Cmd: compileComputeKernel
  api=18 insize=12109 outsize=7544 ok=1
Cmd: compileComputeKernel
  api=18 insize=12109 outsize=7483 ok=1
Cmd: compileComputeKernel
  api=18 insize=12109 outsize=7647 ok=1
Cmd: compileComputeKernel
  api=18 insize=12109 outsize=6563 ok=1
Cmd: compileComputeKernel
  api=18 insize=12109 outsize=6599 ok=1
Cmd: compileComputeKernel
  api=18 insize=12109 outsize=10551 ok=1
Cmd: compileComputeKernel
  api=18 insize=12109 outsize=9654 ok=1
Cmd: compileComputeKernel
  api=18 insize=12109 outsize=5868 ok=1
Cmd: preprocessCompute
  insize=11921 outsize=11985 ok=1
Cmd: compileComputeKernel
  api=18 insize=11985 outsize=6285 ok=1
Cmd: compileComputeKernel
  api=18 insize=11985 outsize=6277 ok=1
Cmd: compileComputeKernel
  api=18 insize=11985 outsize=6346 ok=1
Cmd: compileComputeKernel
  api=18 insize=11985 outsize=6408 ok=1
Cmd: compileComputeKernel
  api=9 insize=11985 outsize=3241 ok=1
Cmd: preprocessCompute
  insize=18269 outsize=18301 ok=1
Cmd: compileComputeKernel
  api=18 insize=18301 outsize=8397 ok=1
Cmd: compileComputeKernel
  api=18 insize=18301 outsize=14392 ok=1
Cmd: compileComputeKernel
  api=9 insize=18301 outsize=4416 ok=1
Cmd: compileComputeKernel
  api=9 insize=18301 outsize=7466 ok=1
Cmd: compileComputeKernel
  api=9 insize=18301 outsize=12776 ok=1
Cmd: compileComputeKernel
  api=4 insize=18301 outsize=5425 ok=1
Cmd: preprocessCompute
  insize=66564 outsize=66874 ok=1
Cmd: compileComputeKernel
  api=18 insize=66874 outsize=11531 ok=1
Cmd: compileComputeKernel
  api=18 insize=66874 outsize=6959 ok=1
Cmd: compileComputeKernel
  api=18 insize=66874 outsize=7250 ok=1
Cmd: compileComputeKernel
  api=18 insize=66874 outsize=6761 ok=1
Cmd: compileComputeKernel
  api=18 insize=66874 outsize=6737 ok=1
Cmd: compileComputeKernel
  api=18 insize=66874 outsize=9389 ok=1
Cmd: compileComputeKernel
  api=18 insize=66874 outsize=6219 ok=1
Cmd: compileComputeKernel
  api=18 insize=66874 outsize=7339 ok=1
Cmd: compileComputeKernel
  api=18 insize=66874 outsize=7219 ok=1
Cmd: compileComputeKernel
  api=18 insize=66874 outsize=6135 ok=1
Cmd: compileComputeKernel
  api=18 insize=66874 outsize=8051 ok=1
Cmd: compileComputeKernel
  api=18 insize=66874 outsize=8059 ok=1
Cmd: compileComputeKernel
  api=18 insize=66874 outsize=8598 ok=1
Cmd: compileComputeKernel
  api=18 insize=66874 outsize=8120 ok=1
Cmd: compileComputeKernel
  api=18 insize=66874 outsize=6093 ok=1
Cmd: compileComputeKernel
  api=18 insize=66874 outsize=10434 ok=1
Cmd: compileComputeKernel
  api=18 insize=66874 outsize=7278 ok=1
Cmd: compileComputeKernel
  api=18 insize=66874 outsize=8058 ok=1
Cmd: compileComputeKernel
  api=18 insize=66874 outsize=10585 ok=1
Cmd: compileComputeKernel
  api=18 insize=66874 outsize=6450 ok=1
Cmd: compileComputeKernel
  api=9 insize=66874 outsize=3737 ok=1
Cmd: compileComputeKernel
  api=9 insize=66874 outsize=5870 ok=1
Cmd: compileComputeKernel
  api=9 insize=66874 outsize=3338 ok=1
Cmd: compileComputeKernel
  api=9 insize=66874 outsize=3253 ok=1
Cmd: compileComputeKernel
  api=9 insize=66874 outsize=3030 ok=1
Cmd: compileComputeKernel
  api=9 insize=66874 outsize=4248 ok=1
Cmd: compileComputeKernel
  api=9 insize=66874 outsize=4245 ok=1
Cmd: compileComputeKernel
  api=9 insize=66874 outsize=4484 ok=1
Cmd: compileComputeKernel
  api=9 insize=66874 outsize=4485 ok=1
Cmd: compileComputeKernel
  api=9 insize=66874 outsize=3062 ok=1
Cmd: compileComputeKernel
  api=9 insize=66874 outsize=2995 ok=1
Cmd: compileComputeKernel
  api=9 insize=66874 outsize=3109 ok=1
Cmd: compileComputeKernel
  api=9 insize=66874 outsize=4544 ok=1
Cmd: compileComputeKernel
  api=4 insize=66874 outsize=1689 ok=1
Cmd: compileComputeKernel
  api=4 insize=66874 outsize=1431 ok=1
Cmd: compileComputeKernel
  api=4 insize=66874 outsize=3335 ok=1
Cmd: compileComputeKernel
  api=4 insize=66874 outsize=1287 ok=1
Cmd: compileComputeKernel
  api=4 insize=66874 outsize=1310 ok=1
Cmd: compileComputeKernel
  api=4 insize=66874 outsize=1520 ok=1
Cmd: compileComputeKernel
  api=4 insize=66874 outsize=1359 ok=1
Cmd: compileComputeKernel
  api=4 insize=66874 outsize=1311 ok=1
Cmd: compileComputeKernel
  api=4 insize=66874 outsize=1777 ok=1
Cmd: compileComputeKernel
  api=4 insize=66874 outsize=1364 ok=1
Cmd: compileComputeKernel
  api=4 insize=66874 outsize=1823 ok=1
Cmd: compileComputeKernel
  api=4 insize=66874 outsize=1974 ok=1
Cmd: compileComputeKernel
  api=4 insize=66874 outsize=1848 ok=1
Cmd: compileComputeKernel
  api=4 insize=66874 outsize=1997 ok=1
Cmd: compileComputeKernel
  api=4 insize=66874 outsize=1301 ok=1
Cmd: compileComputeKernel
  api=4 insize=66874 outsize=3836 ok=1
Cmd: compileComputeKernel
  api=4 insize=66874 outsize=1750 ok=1
Cmd: compileComputeKernel
  api=4 insize=66874 outsize=1382 ok=1
Cmd: preprocessCompute
  insize=72887 outsize=72903 ok=1
Cmd: compileComputeKernel
  api=18 insize=72903 outsize=21207 ok=1
Cmd: compileComputeKernel
  api=9 insize=72903 outsize=16784 ok=1
Cmd: compileComputeKernel
  api=4 insize=72903 outsize=7768 ok=1
Cmd: preprocessCompute
  insize=33853 outsize=34089 ok=1
Cmd: compileComputeKernel
  api=18 insize=34089 outsize=3173 ok=1
Cmd: compileComputeKernel
  api=18 insize=34089 outsize=3200 ok=1
Cmd: compileComputeKernel
  api=18 insize=34089 outsize=2439 ok=1
Cmd: compileComputeKernel
  api=18 insize=34089 outsize=3407 ok=1
Cmd: compileComputeKernel
  api=18 insize=34089 outsize=3604 ok=1
Cmd: compileComputeKernel
  api=18 insize=34089 outsize=3245 ok=1
Cmd: compileComputeKernel
  api=18 insize=34089 outsize=3268 ok=1
Cmd: compileComputeKernel
  api=18 insize=34089 outsize=5605 ok=1
Cmd: compileComputeKernel
  api=18 insize=34089 outsize=7549 ok=1
Cmd: compileComputeKernel
  api=18 insize=34089 outsize=5641 ok=1
Cmd: compileComputeKernel
  api=18 insize=34089 outsize=5905 ok=1
Cmd: compileComputeKernel
  api=18 insize=34089 outsize=5479 ok=1
Cmd: compileComputeKernel
  api=18 insize=34089 outsize=5680 ok=1
Cmd: compileComputeKernel
  api=18 insize=34089 outsize=6702 ok=1
Cmd: compileComputeKernel
  api=9 insize=34089 outsize=1871 ok=1
Cmd: compileComputeKernel
  api=9 insize=34089 outsize=3167 ok=1
Cmd: compileComputeKernel
  api=9 insize=34089 outsize=2954 ok=1
Cmd: compileComputeKernel
  api=9 insize=34089 outsize=3144 ok=1
Cmd: compileComputeKernel
  api=9 insize=34089 outsize=2947 ok=1
Cmd: compileComputeKernel
  api=9 insize=34089 outsize=3324 ok=1
Cmd: compileComputeKernel
  api=4 insize=34089 outsize=629 ok=1
Cmd: compileComputeKernel
  api=4 insize=34089 outsize=622 ok=1
Cmd: compileComputeKernel
  api=4 insize=34089 outsize=1311 ok=1
Cmd: compileComputeKernel
  api=4 insize=34089 outsize=1248 ok=1
Cmd: compileComputeKernel
  api=4 insize=34089 outsize=1346 ok=1
Cmd: compileComputeKernel
  api=4 insize=34089 outsize=1618 ok=1
Cmd: preprocessCompute
  insize=79184 outsize=79248 ok=1
Cmd: compileComputeKernel
  api=18 insize=79248 outsize=50296 ok=1
Cmd: compileComputeKernel
  api=18 insize=79248 outsize=93206 ok=1
Cmd: compileComputeKernel
  api=9 insize=79248 outsize=51986 ok=1
Cmd: compileComputeKernel
  api=4 insize=79248 outsize=22142 ok=1
Cmd: compileComputeKernel
  api=4 insize=79248 outsize=30558 ok=1
Cmd: preprocessCompute
  insize=4426 outsize=4442 ok=1
Cmd: compileComputeKernel
  api=18 insize=4442 outsize=7788 ok=1
Cmd: compileComputeKernel
  api=9 insize=4442 outsize=2968 ok=1
Cmd: compileComputeKernel
  api=4 insize=4442 outsize=1684 ok=1
Cmd: preprocessCompute
  insize=1896 outsize=1900 ok=1
